TN:
SF:src\services\slices\burgerConstructor\burgerConstructorSlice.ts
FN:25,prepare
FN:29,reducer
FN:37,removeIngredientFromConstructor
FN:42,upPositionOfIngredient
FN:54,downPositionOfIngredient
FN:65,resetConstructor
FN:72,constructorSliceSelectors
FNF:7
FNH:5
FNDA:4,prepare
FNDA:4,reducer
FNDA:2,removeIngredientFromConstructor
FNDA:1,upPositionOfIngredient
FNDA:1,downPositionOfIngredient
FNDA:0,resetConstructor
FNDA:0,constructorSliceSelectors
DA:1,1
DA:2,1
DA:3,1
DA:4,1
DA:5,1
DA:6,1
DA:7,1
DA:8,1
DA:9,1
DA:10,1
DA:11,1
DA:12,1
DA:13,1
DA:14,1
DA:15,1
DA:16,1
DA:17,1
DA:18,1
DA:19,1
DA:20,1
DA:21,1
DA:22,1
DA:23,1
DA:24,1
DA:25,1
DA:26,4
DA:27,4
DA:28,1
DA:29,1
DA:30,4
DA:31,4
DA:32,4
DA:33,4
DA:34,4
DA:35,1
DA:36,1
DA:37,1
DA:38,2
DA:39,2
DA:40,2
DA:41,1
DA:42,1
DA:43,1
DA:44,1
DA:45,1
DA:46,1
DA:47,1
DA:48,1
DA:49,1
DA:50,1
DA:51,1
DA:52,1
DA:53,1
DA:54,1
DA:55,1
DA:56,1
DA:57,1
DA:58,1
DA:59,1
DA:60,1
DA:61,1
DA:62,1
DA:63,1
DA:64,1
DA:65,1
DA:66,0
DA:67,0
DA:68,0
DA:69,1
DA:70,1
DA:71,1
DA:72,1
DA:73,1
DA:74,1
DA:75,1
DA:76,1
DA:77,1
DA:78,1
DA:79,1
DA:80,1
DA:81,1
DA:82,1
DA:83,1
DA:84,1
DA:85,1
DA:86,1
DA:87,1
DA:88,1
DA:89,1
DA:90,1
LF:90
LH:87
BRDA:25,0,0,4
BRDA:29,1,0,4
BRDA:31,2,0,2
BRDA:32,3,0,2
BRDA:37,4,0,2
BRDA:39,5,0,1
BRDA:42,6,0,1
BRDA:44,7,0,2
BRDA:54,8,0,1
BRDA:56,9,0,2
BRF:10
BRH:10
end_of_record
